<?xml version="1.0" encoding="UTF-8"?>
<!-- Generated by org.testng.reporters.JUnitXMLReporter -->
<testsuite hostname="RACD-002157" ignored="0" name="Test" tests="8" failures="3" timestamp="04 Jul 2019 12:38:48 GMT" time="26.661" errors="0">
  <testcase name="verifyLoginPageTitleTest" time="5.494" classname="Tests.LoginTest"/>
  <testcase name="verifyHomePageTitleTest" time="3.058" classname="Tests.LoginTest"/>
  <testcase name="verifyContactPageTitleTest" time="10.584" classname="Tests.LoginTest"/>
  <testcase name="verifyUserNameTest" time="0.34" classname="Tests.LoginTest"/>
  <testcase name="verifySearchContactsTest" time="0.003" classname="Tests.LoginTest">
    <failure type="java.lang.AssertionError" message="The following asserts failed:
	expected [Assert failed due to mismatch of Hello and hello] but found [true]">
      <![CDATA[java.lang.AssertionError: The following asserts failed:
expected [Assert failed due to mismatch of Hello and hello] but found [true]
at Tests.LoginTest.verifySearchContactsTest(LoginTest.java:149)
at Tests.TestRunnerClassForAllure.main(TestRunnerClassForAllure.java:19)
... Removed 23 stack frames]]>
    </failure>
  </testcase> <!-- verifySearchContactsTest -->
  <testcase name="verifyImportsTest" time="0.002" classname="Tests.LoginTest">
    <failure type="java.lang.AssertionError" message="The following asserts failed:
	expected [Assert failed due to mismatch of Dheeraj and dheeraj] but found [true]">
      <![CDATA[java.lang.AssertionError: The following asserts failed:
expected [Assert failed due to mismatch of Dheeraj and dheeraj] but found [true]
at Tests.LoginTest.verifyImportsTest(LoginTest.java:172)
at Tests.TestRunnerClassForAllure.main(TestRunnerClassForAllure.java:19)
... Removed 23 stack frames]]>
    </failure>
  </testcase> <!-- verifyImportsTest -->
  <testcase name="verifyCreateCompanyTest" time="0.002" classname="Tests.LoginTest">
    <failure type="java.lang.AssertionError" message="The following asserts failed:
	expected [Assert failed due to mismatch of Motor and Motors] but found [true]">
      <![CDATA[java.lang.AssertionError: The following asserts failed:
expected [Assert failed due to mismatch of Motor and Motors] but found [true]
at Tests.LoginTest.verifyCreateCompanyTest(LoginTest.java:194)
at Tests.TestRunnerClassForAllure.main(TestRunnerClassForAllure.java:19)
... Removed 23 stack frames]]>
    </failure>
  </testcase> <!-- verifyCreateCompanyTest -->
  <testcase name="verifyCreateDashboardTest" time="0.004" classname="Tests.LoginTest">
    <skipped/>
  </testcase> <!-- verifyCreateDashboardTest -->
</testsuite> <!-- Test -->
